                                          
                                          
 ######### ##### ############### #######  
#OOOOOOOOO#OOOOO#OOOOOOOOOOOOOOO#OOOOOOO# 
#O#####O#O###O#O#O###O#########O#O###O#O# 
#O#OOOOO#OOO#O#OOOOO#OOOOOOO#OOO#OOO#O#O# 
#O#O#### ##O#O#####O#######O#O## ####O#O# 
#O#OOO#O#OOO#O#OOO#O#OOOOOOO#OOO#OOOOO#O# 
 ####O#O#O## ##O#O###O#########O#O######  
#OOO#O#O#OOO#OOO#OOOOO#OOOOOOOOOOO#OOOOO# 
#O#O#O#O###O#O#####O#############O#O###O# 
#O#OOO#OOOOO#O#OOOOO#OOOOOOOOO#OOO#OOO#O# 
#O#####O#####O#O#####O#######O#######O#O# 
#OOOOO#OOOOO#O#O#OOO#OOO#OOO#OOOOOOO#O#O# 
#O###O#####O#O#O#O#O###O#O#O#####O###O#O# 
#O#O#O#OOOOOOO#O#O#OOOOOOO#O#OOO#OOO#O#O# 
#O#O#O###O#######O###########O#O###O#O#O# 
#OOO#OOO#O#OOOOOOO#O#OOOOOOOOO#OOO#OOO#O# 
 ##O###O###O#######O#O###########O#O###O# 
#O#OOO#OOOOO#OOO#OOO#O#OOOOOOOOO#O#OOO#O# 
#O###O#######O#O#O###O#O#####O#O#O#####O# 
#OOO#O#OOOOOOO#O#OOO#O#OOO#OOO#O#OOOOO#O# 
#O###O#######O#O#O#O#######O###O#####O#O# 
#OOO#O#OOOOOOO#O#O#OOOOOOOOO#O#O#OOO#OOO# 
#O#O#O#O#######O#O#O#########O#O###O####  
#O#OOO#OOO#OOOOO#O#OOOOO#OOO#O#OOOOOOOOO# 
#O#####O#O###O#########O#O#O#O#########O# 
#O#OOO#O#OOO#OOOOOOOOOOO#O#O#OOOOOOOOO#O# 
#O#O#O#####O#############O#O#O#########O# 
#OOO#OOOOO#O#O#OOOOOOOOOOO#O#O#OOOOOOOOO# 
 ########O#O#O#O#########O#O#O#O########  
#OOOOOOO#OOO#OOO#OOO#OOO#O#O#O#OOO#OOOOO# 
#O#O#########O###O#O#O#O#O#O#O###O###O##  
#O#OOOOOOOOO#OOOOO#OOO#O#O#OOOOO#OOO#OOO# 
#O#######O#########O#####O#####O###O###O# 
#OOO#O#OOO#OOOOO#OOO#OOOOO#O#OOO#OOO#OOO# 
 ##O#O#O###O###O#O###O#####O#O###O###O#O# 
 O#O#O#OOO#O#O#OOO#O#O#OOOOOOOOO#OOO#O#O# 
#O#O#O###O#O#O#####O#O########## ##O#O#O# 
#O#OOO#OOO#O#OOOOO#O#OOOOO#OOOOO#OOO#O#O# 
#O###O#O###O###O#O#O#####O#O###O#O###O#O# 
#OOOOO#OOOOOOOOO#OOOOOOO#OOOOO#OOOOOOO#O# 
